[0.071s] DEBUG:colcon:Command line arguments: ['/usr/bin/colcon', 'build']
[0.071s] DEBUG:colcon:Parsed command line arguments: Namespace(log_base=None, log_level=None, verb_name='build', build_base='build', install_base='install', merge_install=False, symlink_install=False, test_result_base=None, continue_on_error=False, executor='parallel', parallel_workers=8, event_handlers=None, ignore_user_meta=False, metas=['./colcon.meta'], base_paths=['.'], packages_ignore=None, packages_ignore_regex=None, paths=None, packages_up_to=None, packages_up_to_regex=None, packages_above=None, packages_above_and_dependencies=None, packages_above_depth=None, packages_select_by_dep=None, packages_skip_by_dep=None, packages_skip_up_to=None, packages_select_build_failed=False, packages_skip_build_finished=False, packages_select_test_failures=False, packages_skip_test_passed=False, packages_select=None, packages_skip=None, packages_select_regex=None, packages_skip_regex=None, packages_start=None, packages_end=None, allow_overriding=[], cmake_args=None, cmake_target=None, cmake_target_skip_unavailable=False, cmake_clean_cache=False, cmake_clean_first=False, cmake_force_configure=False, ament_cmake_args=None, catkin_cmake_args=None, catkin_skip_building_tests=False, verb_parser=<colcon_defaults.argument_parser.defaults.DefaultArgumentsDecorator object at 0x7ddaeae6eb30>, verb_extension=<colcon_core.verb.build.BuildVerb object at 0x7ddaeafb4040>, main=<bound method BuildVerb.main of <colcon_core.verb.build.BuildVerb object at 0x7ddaeafb4040>>)
[0.197s] Level 1:colcon.colcon_core.package_discovery:discover_packages(colcon_meta) check parameters
[0.197s] Level 1:colcon.colcon_core.package_discovery:discover_packages(recursive) check parameters
[0.197s] Level 1:colcon.colcon_core.package_discovery:discover_packages(ignore) check parameters
[0.197s] Level 1:colcon.colcon_core.package_discovery:discover_packages(path) check parameters
[0.197s] Level 1:colcon.colcon_core.package_discovery:discover_packages(colcon_meta) discover
[0.197s] Level 1:colcon.colcon_core.package_discovery:discover_packages(recursive) discover
[0.197s] INFO:colcon.colcon_core.package_discovery:Crawling recursively for packages in '/home/sushanth/vlm_ws'
[0.198s] Level 1:colcon.colcon_core.package_identification:_identify(.) by extensions ['ignore', 'ignore_ament_install']
[0.198s] Level 1:colcon.colcon_core.package_identification:_identify(.) by extension 'ignore'
[0.198s] Level 1:colcon.colcon_core.package_identification:_identify(.) by extension 'ignore_ament_install'
[0.198s] Level 1:colcon.colcon_core.package_identification:_identify(.) by extensions ['colcon_pkg']
[0.198s] Level 1:colcon.colcon_core.package_identification:_identify(.) by extension 'colcon_pkg'
[0.198s] Level 1:colcon.colcon_core.package_identification:_identify(.) by extensions ['colcon_meta']
[0.198s] Level 1:colcon.colcon_core.package_identification:_identify(.) by extension 'colcon_meta'
[0.198s] Level 1:colcon.colcon_core.package_identification:_identify(.) by extensions ['ros']
[0.198s] Level 1:colcon.colcon_core.package_identification:_identify(.) by extension 'ros'
[0.212s] Level 1:colcon.colcon_core.package_identification:_identify(.) by extensions ['cmake', 'python']
[0.212s] Level 1:colcon.colcon_core.package_identification:_identify(.) by extension 'cmake'
[0.212s] Level 1:colcon.colcon_core.package_identification:_identify(.) by extension 'python'
[0.212s] Level 1:colcon.colcon_core.package_identification:_identify(.) by extensions ['python_setup_py']
[0.212s] Level 1:colcon.colcon_core.package_identification:_identify(.) by extension 'python_setup_py'
[0.212s] Level 1:colcon.colcon_core.package_identification:_identify(build) by extensions ['ignore', 'ignore_ament_install']
[0.212s] Level 1:colcon.colcon_core.package_identification:_identify(build) by extension 'ignore'
[0.212s] Level 1:colcon.colcon_core.package_identification:_identify(build) ignored
[0.212s] Level 1:colcon.colcon_core.package_identification:_identify(install) by extensions ['ignore', 'ignore_ament_install']
[0.212s] Level 1:colcon.colcon_core.package_identification:_identify(install) by extension 'ignore'
[0.212s] Level 1:colcon.colcon_core.package_identification:_identify(install) ignored
[0.213s] Level 1:colcon.colcon_core.package_identification:_identify(log) by extensions ['ignore', 'ignore_ament_install']
[0.213s] Level 1:colcon.colcon_core.package_identification:_identify(log) by extension 'ignore'
[0.213s] Level 1:colcon.colcon_core.package_identification:_identify(log) ignored
[0.213s] Level 1:colcon.colcon_core.package_identification:_identify(src) by extensions ['ignore', 'ignore_ament_install']
[0.213s] Level 1:colcon.colcon_core.package_identification:_identify(src) by extension 'ignore'
[0.213s] Level 1:colcon.colcon_core.package_identification:_identify(src) by extension 'ignore_ament_install'
[0.213s] Level 1:colcon.colcon_core.package_identification:_identify(src) by extensions ['colcon_pkg']
[0.213s] Level 1:colcon.colcon_core.package_identification:_identify(src) by extension 'colcon_pkg'
[0.213s] Level 1:colcon.colcon_core.package_identification:_identify(src) by extensions ['colcon_meta']
[0.213s] Level 1:colcon.colcon_core.package_identification:_identify(src) by extension 'colcon_meta'
[0.213s] Level 1:colcon.colcon_core.package_identification:_identify(src) by extensions ['ros']
[0.213s] Level 1:colcon.colcon_core.package_identification:_identify(src) by extension 'ros'
[0.213s] Level 1:colcon.colcon_core.package_identification:_identify(src) by extensions ['cmake', 'python']
[0.213s] Level 1:colcon.colcon_core.package_identification:_identify(src) by extension 'cmake'
[0.213s] Level 1:colcon.colcon_core.package_identification:_identify(src) by extension 'python'
[0.213s] Level 1:colcon.colcon_core.package_identification:_identify(src) by extensions ['python_setup_py']
[0.213s] Level 1:colcon.colcon_core.package_identification:_identify(src) by extension 'python_setup_py'
[0.213s] Level 1:colcon.colcon_core.package_identification:_identify(src/vlm_description) by extensions ['ignore', 'ignore_ament_install']
[0.213s] Level 1:colcon.colcon_core.package_identification:_identify(src/vlm_description) by extension 'ignore'
[0.213s] Level 1:colcon.colcon_core.package_identification:_identify(src/vlm_description) by extension 'ignore_ament_install'
[0.213s] Level 1:colcon.colcon_core.package_identification:_identify(src/vlm_description) by extensions ['colcon_pkg']
[0.213s] Level 1:colcon.colcon_core.package_identification:_identify(src/vlm_description) by extension 'colcon_pkg'
[0.213s] Level 1:colcon.colcon_core.package_identification:_identify(src/vlm_description) by extensions ['colcon_meta']
[0.213s] Level 1:colcon.colcon_core.package_identification:_identify(src/vlm_description) by extension 'colcon_meta'
[0.213s] Level 1:colcon.colcon_core.package_identification:_identify(src/vlm_description) by extensions ['ros']
[0.213s] Level 1:colcon.colcon_core.package_identification:_identify(src/vlm_description) by extension 'ros'
[0.215s] DEBUG:colcon.colcon_core.package_identification:Package 'src/vlm_description' with type 'ros.ament_cmake' and name 'vlm_description'
[0.215s] Level 1:colcon.colcon_core.package_identification:_identify(src/vlm_navigation) by extensions ['ignore', 'ignore_ament_install']
[0.215s] Level 1:colcon.colcon_core.package_identification:_identify(src/vlm_navigation) by extension 'ignore'
[0.215s] Level 1:colcon.colcon_core.package_identification:_identify(src/vlm_navigation) by extension 'ignore_ament_install'
[0.215s] Level 1:colcon.colcon_core.package_identification:_identify(src/vlm_navigation) by extensions ['colcon_pkg']
[0.215s] Level 1:colcon.colcon_core.package_identification:_identify(src/vlm_navigation) by extension 'colcon_pkg'
[0.215s] Level 1:colcon.colcon_core.package_identification:_identify(src/vlm_navigation) by extensions ['colcon_meta']
[0.215s] Level 1:colcon.colcon_core.package_identification:_identify(src/vlm_navigation) by extension 'colcon_meta'
[0.215s] Level 1:colcon.colcon_core.package_identification:_identify(src/vlm_navigation) by extensions ['ros']
[0.215s] Level 1:colcon.colcon_core.package_identification:_identify(src/vlm_navigation) by extension 'ros'
[0.216s] DEBUG:colcon.colcon_core.package_identification:Package 'src/vlm_navigation' with type 'ros.ament_python' and name 'vlm_navigation'
[0.216s] Level 1:colcon.colcon_core.package_identification:_identify(weights) by extensions ['ignore', 'ignore_ament_install']
[0.216s] Level 1:colcon.colcon_core.package_identification:_identify(weights) by extension 'ignore'
[0.216s] Level 1:colcon.colcon_core.package_identification:_identify(weights) by extension 'ignore_ament_install'
[0.216s] Level 1:colcon.colcon_core.package_identification:_identify(weights) by extensions ['colcon_pkg']
[0.216s] Level 1:colcon.colcon_core.package_identification:_identify(weights) by extension 'colcon_pkg'
[0.216s] Level 1:colcon.colcon_core.package_identification:_identify(weights) by extensions ['colcon_meta']
[0.216s] Level 1:colcon.colcon_core.package_identification:_identify(weights) by extension 'colcon_meta'
[0.216s] Level 1:colcon.colcon_core.package_identification:_identify(weights) by extensions ['ros']
[0.216s] Level 1:colcon.colcon_core.package_identification:_identify(weights) by extension 'ros'
[0.216s] Level 1:colcon.colcon_core.package_identification:_identify(weights) by extensions ['cmake', 'python']
[0.216s] Level 1:colcon.colcon_core.package_identification:_identify(weights) by extension 'cmake'
[0.216s] Level 1:colcon.colcon_core.package_identification:_identify(weights) by extension 'python'
[0.216s] Level 1:colcon.colcon_core.package_identification:_identify(weights) by extensions ['python_setup_py']
[0.216s] Level 1:colcon.colcon_core.package_identification:_identify(weights) by extension 'python_setup_py'
[0.216s] Level 1:colcon.colcon_core.package_identification:_identify(weights/clip) by extensions ['ignore', 'ignore_ament_install']
[0.217s] Level 1:colcon.colcon_core.package_identification:_identify(weights/clip) by extension 'ignore'
[0.217s] Level 1:colcon.colcon_core.package_identification:_identify(weights/clip) by extension 'ignore_ament_install'
[0.217s] Level 1:colcon.colcon_core.package_identification:_identify(weights/clip) by extensions ['colcon_pkg']
[0.217s] Level 1:colcon.colcon_core.package_identification:_identify(weights/clip) by extension 'colcon_pkg'
[0.217s] Level 1:colcon.colcon_core.package_identification:_identify(weights/clip) by extensions ['colcon_meta']
[0.217s] Level 1:colcon.colcon_core.package_identification:_identify(weights/clip) by extension 'colcon_meta'
[0.217s] Level 1:colcon.colcon_core.package_identification:_identify(weights/clip) by extensions ['ros']
[0.217s] Level 1:colcon.colcon_core.package_identification:_identify(weights/clip) by extension 'ros'
[0.217s] Level 1:colcon.colcon_core.package_identification:_identify(weights/clip) by extensions ['cmake', 'python']
[0.217s] Level 1:colcon.colcon_core.package_identification:_identify(weights/clip) by extension 'cmake'
[0.217s] Level 1:colcon.colcon_core.package_identification:_identify(weights/clip) by extension 'python'
[0.217s] Level 1:colcon.colcon_core.package_identification:_identify(weights/clip) by extensions ['python_setup_py']
[0.217s] Level 1:colcon.colcon_core.package_identification:_identify(weights/clip) by extension 'python_setup_py'
[0.217s] Level 1:colcon.colcon_core.package_discovery:discover_packages(recursive) using defaults
[0.217s] Level 1:colcon.colcon_core.package_discovery:discover_packages(ignore) discover
[0.217s] Level 1:colcon.colcon_core.package_discovery:discover_packages(ignore) using defaults
[0.217s] Level 1:colcon.colcon_core.package_discovery:discover_packages(path) discover
[0.217s] Level 1:colcon.colcon_core.package_discovery:discover_packages(path) using defaults
[0.230s] Level 1:colcon.colcon_core.package_discovery:discover_packages(prefix_path) check parameters
[0.230s] Level 1:colcon.colcon_core.package_discovery:discover_packages(prefix_path) discover
[0.231s] DEBUG:colcon.colcon_installed_package_information.package_discovery:Found 475 installed packages in /opt/ros/humble
[0.233s] Level 1:colcon.colcon_core.package_discovery:discover_packages(prefix_path) using defaults
[0.270s] Level 5:colcon.colcon_core.verb:set package 'vlm_description' build argument 'cmake_args' from command line to 'None'
[0.270s] Level 5:colcon.colcon_core.verb:set package 'vlm_description' build argument 'cmake_target' from command line to 'None'
[0.270s] Level 5:colcon.colcon_core.verb:set package 'vlm_description' build argument 'cmake_target_skip_unavailable' from command line to 'False'
[0.270s] Level 5:colcon.colcon_core.verb:set package 'vlm_description' build argument 'cmake_clean_cache' from command line to 'False'
[0.270s] Level 5:colcon.colcon_core.verb:set package 'vlm_description' build argument 'cmake_clean_first' from command line to 'False'
[0.270s] Level 5:colcon.colcon_core.verb:set package 'vlm_description' build argument 'cmake_force_configure' from command line to 'False'
[0.270s] Level 5:colcon.colcon_core.verb:set package 'vlm_description' build argument 'ament_cmake_args' from command line to 'None'
[0.270s] Level 5:colcon.colcon_core.verb:set package 'vlm_description' build argument 'catkin_cmake_args' from command line to 'None'
[0.270s] Level 5:colcon.colcon_core.verb:set package 'vlm_description' build argument 'catkin_skip_building_tests' from command line to 'False'
[0.270s] DEBUG:colcon.colcon_core.verb:Building package 'vlm_description' with the following arguments: {'ament_cmake_args': None, 'build_base': '/home/sushanth/vlm_ws/build/vlm_description', 'catkin_cmake_args': None, 'catkin_skip_building_tests': False, 'cmake_args': None, 'cmake_clean_cache': False, 'cmake_clean_first': False, 'cmake_force_configure': False, 'cmake_target': None, 'cmake_target_skip_unavailable': False, 'install_base': '/home/sushanth/vlm_ws/install/vlm_description', 'merge_install': False, 'path': '/home/sushanth/vlm_ws/src/vlm_description', 'symlink_install': False, 'test_result_base': None}
[0.270s] Level 5:colcon.colcon_core.verb:set package 'vlm_navigation' build argument 'cmake_args' from command line to 'None'
[0.270s] Level 5:colcon.colcon_core.verb:set package 'vlm_navigation' build argument 'cmake_target' from command line to 'None'
[0.270s] Level 5:colcon.colcon_core.verb:set package 'vlm_navigation' build argument 'cmake_target_skip_unavailable' from command line to 'False'
[0.270s] Level 5:colcon.colcon_core.verb:set package 'vlm_navigation' build argument 'cmake_clean_cache' from command line to 'False'
[0.270s] Level 5:colcon.colcon_core.verb:set package 'vlm_navigation' build argument 'cmake_clean_first' from command line to 'False'
[0.270s] Level 5:colcon.colcon_core.verb:set package 'vlm_navigation' build argument 'cmake_force_configure' from command line to 'False'
[0.270s] Level 5:colcon.colcon_core.verb:set package 'vlm_navigation' build argument 'ament_cmake_args' from command line to 'None'
[0.270s] Level 5:colcon.colcon_core.verb:set package 'vlm_navigation' build argument 'catkin_cmake_args' from command line to 'None'
[0.270s] Level 5:colcon.colcon_core.verb:set package 'vlm_navigation' build argument 'catkin_skip_building_tests' from command line to 'False'
[0.270s] DEBUG:colcon.colcon_core.verb:Building package 'vlm_navigation' with the following arguments: {'ament_cmake_args': None, 'build_base': '/home/sushanth/vlm_ws/build/vlm_navigation', 'catkin_cmake_args': None, 'catkin_skip_building_tests': False, 'cmake_args': None, 'cmake_clean_cache': False, 'cmake_clean_first': False, 'cmake_force_configure': False, 'cmake_target': None, 'cmake_target_skip_unavailable': False, 'install_base': '/home/sushanth/vlm_ws/install/vlm_navigation', 'merge_install': False, 'path': '/home/sushanth/vlm_ws/src/vlm_navigation', 'symlink_install': False, 'test_result_base': None}
[0.270s] INFO:colcon.colcon_core.executor:Executing jobs using 'parallel' executor
[0.271s] DEBUG:colcon.colcon_parallel_executor.executor.parallel:run_until_complete
[0.271s] INFO:colcon.colcon_ros.task.ament_cmake.build:Building ROS package in '/home/sushanth/vlm_ws/src/vlm_description' with build type 'ament_cmake'
[0.271s] INFO:colcon.colcon_cmake.task.cmake.build:Building CMake package in '/home/sushanth/vlm_ws/src/vlm_description'
[0.273s] INFO:colcon.colcon_core.plugin_system:Skipping extension 'colcon_core.shell.bat': Not used on non-Windows systems
[0.273s] INFO:colcon.colcon_core.shell:Skip shell extension 'powershell' for command environment: Not usable outside of PowerShell
[0.273s] DEBUG:colcon.colcon_core.shell:Skip shell extension 'dsv' for command environment
[0.275s] INFO:colcon.colcon_ros.task.ament_python.build:Building ROS package in '/home/sushanth/vlm_ws/src/vlm_navigation' with build type 'ament_python'
[0.275s] Level 1:colcon.colcon_core.shell:create_environment_hook('vlm_navigation', 'ament_prefix_path')
[0.275s] INFO:colcon.colcon_core.shell:Creating environment hook '/home/sushanth/vlm_ws/install/vlm_navigation/share/vlm_navigation/hook/ament_prefix_path.ps1'
[0.276s] INFO:colcon.colcon_core.shell:Creating environment descriptor '/home/sushanth/vlm_ws/install/vlm_navigation/share/vlm_navigation/hook/ament_prefix_path.dsv'
[0.276s] INFO:colcon.colcon_core.shell:Creating environment hook '/home/sushanth/vlm_ws/install/vlm_navigation/share/vlm_navigation/hook/ament_prefix_path.sh'
[0.277s] INFO:colcon.colcon_core.shell:Skip shell extension 'powershell' for command environment: Not usable outside of PowerShell
[0.277s] DEBUG:colcon.colcon_core.shell:Skip shell extension 'dsv' for command environment
[0.281s] DEBUG:colcon.colcon_core.event_handler.log_command:Invoking command in '/home/sushanth/vlm_ws/build/vlm_description': CMAKE_PREFIX_PATH=/opt/ros/humble /usr/bin/cmake /home/sushanth/vlm_ws/src/vlm_description -DCMAKE_INSTALL_PREFIX=/home/sushanth/vlm_ws/install/vlm_description
[0.479s] INFO:colcon.colcon_core.task.python.build:Building Python package in '/home/sushanth/vlm_ws/src/vlm_navigation'
[0.480s] INFO:colcon.colcon_core.shell:Skip shell extension 'powershell' for command environment: Not usable outside of PowerShell
[0.480s] DEBUG:colcon.colcon_core.shell:Skip shell extension 'dsv' for command environment
[0.777s] DEBUG:colcon.colcon_core.event_handler.log_command:Invoking command in '/home/sushanth/vlm_ws/src/vlm_navigation': PYTHONPATH=/home/sushanth/vlm_ws/build/vlm_navigation/prefix_override:/usr/lib/python3/dist-packages/colcon_core/task/python/colcon_distutils_commands:/home/sushanth/vlm_ws/install/vlm_navigation/lib/python3.10/site-packages:${PYTHONPATH} /usr/bin/python3 -W ignore:setup.py install is deprecated -W ignore:easy_install command is deprecated setup.py egg_info --egg-base ../../build/vlm_navigation build --build-base /home/sushanth/vlm_ws/build/vlm_navigation/build install --record /home/sushanth/vlm_ws/build/vlm_navigation/install.log --single-version-externally-managed install_data
[0.801s] DEBUG:colcon.colcon_core.event_handler.log_command:Invoked command in '/home/sushanth/vlm_ws/build/vlm_description' returned '0': CMAKE_PREFIX_PATH=/opt/ros/humble /usr/bin/cmake /home/sushanth/vlm_ws/src/vlm_description -DCMAKE_INSTALL_PREFIX=/home/sushanth/vlm_ws/install/vlm_description
[0.802s] DEBUG:colcon.colcon_core.event_handler.log_command:Invoking command in '/home/sushanth/vlm_ws/build/vlm_description': CMAKE_PREFIX_PATH=/opt/ros/humble /usr/bin/cmake --build /home/sushanth/vlm_ws/build/vlm_description -- -j8 -l8
[0.838s] DEBUG:colcon.colcon_core.event_handler.log_command:Invoked command in '/home/sushanth/vlm_ws/build/vlm_description' returned '0': CMAKE_PREFIX_PATH=/opt/ros/humble /usr/bin/cmake --build /home/sushanth/vlm_ws/build/vlm_description -- -j8 -l8
[0.846s] DEBUG:colcon.colcon_core.event_handler.log_command:Invoking command in '/home/sushanth/vlm_ws/build/vlm_description': CMAKE_PREFIX_PATH=/opt/ros/humble /usr/bin/cmake --install /home/sushanth/vlm_ws/build/vlm_description
[0.854s] Level 1:colcon.colcon_core.environment:create_environment_scripts_only(vlm_description)
[0.855s] DEBUG:colcon.colcon_core.event_handler.log_command:Invoked command in '/home/sushanth/vlm_ws/build/vlm_description' returned '0': CMAKE_PREFIX_PATH=/opt/ros/humble /usr/bin/cmake --install /home/sushanth/vlm_ws/build/vlm_description
[0.857s] Level 1:colcon.colcon_core.environment:checking '/home/sushanth/vlm_ws/install/vlm_description' for CMake module files
[0.858s] Level 1:colcon.colcon_core.environment:checking '/home/sushanth/vlm_ws/install/vlm_description' for CMake config files
[0.858s] Level 1:colcon.colcon_core.shell:create_environment_hook('vlm_description', 'cmake_prefix_path')
[0.858s] INFO:colcon.colcon_core.shell:Creating environment hook '/home/sushanth/vlm_ws/install/vlm_description/share/vlm_description/hook/cmake_prefix_path.ps1'
[0.859s] INFO:colcon.colcon_core.shell:Creating environment descriptor '/home/sushanth/vlm_ws/install/vlm_description/share/vlm_description/hook/cmake_prefix_path.dsv'
[0.859s] INFO:colcon.colcon_core.shell:Creating environment hook '/home/sushanth/vlm_ws/install/vlm_description/share/vlm_description/hook/cmake_prefix_path.sh'
[0.860s] Level 1:colcon.colcon_core.environment:checking '/home/sushanth/vlm_ws/install/vlm_description/bin'
[0.860s] Level 1:colcon.colcon_core.environment:checking '/home/sushanth/vlm_ws/install/vlm_description/lib/pkgconfig/vlm_description.pc'
[0.860s] Level 1:colcon.colcon_core.environment:checking '/home/sushanth/vlm_ws/install/vlm_description/lib/python3.10/site-packages'
[0.861s] Level 1:colcon.colcon_core.environment:checking '/home/sushanth/vlm_ws/install/vlm_description/bin'
[0.861s] INFO:colcon.colcon_core.shell:Creating package script '/home/sushanth/vlm_ws/install/vlm_description/share/vlm_description/package.ps1'
[0.862s] INFO:colcon.colcon_core.shell:Creating package descriptor '/home/sushanth/vlm_ws/install/vlm_description/share/vlm_description/package.dsv'
[0.863s] INFO:colcon.colcon_core.shell:Creating package script '/home/sushanth/vlm_ws/install/vlm_description/share/vlm_description/package.sh'
[0.864s] INFO:colcon.colcon_core.shell:Creating package script '/home/sushanth/vlm_ws/install/vlm_description/share/vlm_description/package.bash'
[0.864s] INFO:colcon.colcon_core.shell:Creating package script '/home/sushanth/vlm_ws/install/vlm_description/share/vlm_description/package.zsh'
[0.865s] Level 1:colcon.colcon_core.environment:create_file_with_runtime_dependencies(/home/sushanth/vlm_ws/install/vlm_description/share/colcon-core/packages/vlm_description)
[0.866s] Level 1:colcon.colcon_core.environment:create_environment_scripts_only(vlm_description)
[0.866s] Level 1:colcon.colcon_core.environment:checking '/home/sushanth/vlm_ws/install/vlm_description' for CMake module files
[0.867s] Level 1:colcon.colcon_core.environment:checking '/home/sushanth/vlm_ws/install/vlm_description' for CMake config files
[0.867s] Level 1:colcon.colcon_core.shell:create_environment_hook('vlm_description', 'cmake_prefix_path')
[0.867s] INFO:colcon.colcon_core.shell:Creating environment hook '/home/sushanth/vlm_ws/install/vlm_description/share/vlm_description/hook/cmake_prefix_path.ps1'
[0.867s] INFO:colcon.colcon_core.shell:Creating environment descriptor '/home/sushanth/vlm_ws/install/vlm_description/share/vlm_description/hook/cmake_prefix_path.dsv'
[0.868s] INFO:colcon.colcon_core.shell:Creating environment hook '/home/sushanth/vlm_ws/install/vlm_description/share/vlm_description/hook/cmake_prefix_path.sh'
[0.868s] Level 1:colcon.colcon_core.environment:checking '/home/sushanth/vlm_ws/install/vlm_description/bin'
[0.868s] Level 1:colcon.colcon_core.environment:checking '/home/sushanth/vlm_ws/install/vlm_description/lib/pkgconfig/vlm_description.pc'
[0.868s] Level 1:colcon.colcon_core.environment:checking '/home/sushanth/vlm_ws/install/vlm_description/lib/python3.10/site-packages'
[0.869s] Level 1:colcon.colcon_core.environment:checking '/home/sushanth/vlm_ws/install/vlm_description/bin'
[0.869s] INFO:colcon.colcon_core.shell:Creating package script '/home/sushanth/vlm_ws/install/vlm_description/share/vlm_description/package.ps1'
[0.870s] INFO:colcon.colcon_core.shell:Creating package descriptor '/home/sushanth/vlm_ws/install/vlm_description/share/vlm_description/package.dsv'
[0.870s] INFO:colcon.colcon_core.shell:Creating package script '/home/sushanth/vlm_ws/install/vlm_description/share/vlm_description/package.sh'
[0.870s] INFO:colcon.colcon_core.shell:Creating package script '/home/sushanth/vlm_ws/install/vlm_description/share/vlm_description/package.bash'
[0.871s] INFO:colcon.colcon_core.shell:Creating package script '/home/sushanth/vlm_ws/install/vlm_description/share/vlm_description/package.zsh'
[0.871s] Level 1:colcon.colcon_core.environment:create_file_with_runtime_dependencies(/home/sushanth/vlm_ws/install/vlm_description/share/colcon-core/packages/vlm_description)
[1.024s] Level 1:colcon.colcon_core.environment:checking '/home/sushanth/vlm_ws/install/vlm_navigation' for CMake module files
[1.024s] DEBUG:colcon.colcon_core.event_handler.log_command:Invoked command in '/home/sushanth/vlm_ws/src/vlm_navigation' returned '0': PYTHONPATH=/home/sushanth/vlm_ws/build/vlm_navigation/prefix_override:/usr/lib/python3/dist-packages/colcon_core/task/python/colcon_distutils_commands:/home/sushanth/vlm_ws/install/vlm_navigation/lib/python3.10/site-packages:${PYTHONPATH} /usr/bin/python3 -W ignore:setup.py install is deprecated -W ignore:easy_install command is deprecated setup.py egg_info --egg-base ../../build/vlm_navigation build --build-base /home/sushanth/vlm_ws/build/vlm_navigation/build install --record /home/sushanth/vlm_ws/build/vlm_navigation/install.log --single-version-externally-managed install_data
[1.024s] Level 1:colcon.colcon_core.environment:checking '/home/sushanth/vlm_ws/install/vlm_navigation' for CMake config files
[1.025s] Level 1:colcon.colcon_core.environment:checking '/home/sushanth/vlm_ws/install/vlm_navigation/lib'
[1.025s] Level 1:colcon.colcon_core.environment:checking '/home/sushanth/vlm_ws/install/vlm_navigation/bin'
[1.025s] Level 1:colcon.colcon_core.environment:checking '/home/sushanth/vlm_ws/install/vlm_navigation/lib/pkgconfig/vlm_navigation.pc'
[1.025s] Level 1:colcon.colcon_core.environment:checking '/home/sushanth/vlm_ws/install/vlm_navigation/lib/python3.10/site-packages'
[1.025s] Level 1:colcon.colcon_core.shell:create_environment_hook('vlm_navigation', 'pythonpath')
[1.026s] INFO:colcon.colcon_core.shell:Creating environment hook '/home/sushanth/vlm_ws/install/vlm_navigation/share/vlm_navigation/hook/pythonpath.ps1'
[1.026s] INFO:colcon.colcon_core.shell:Creating environment descriptor '/home/sushanth/vlm_ws/install/vlm_navigation/share/vlm_navigation/hook/pythonpath.dsv'
[1.026s] INFO:colcon.colcon_core.shell:Creating environment hook '/home/sushanth/vlm_ws/install/vlm_navigation/share/vlm_navigation/hook/pythonpath.sh'
[1.027s] Level 1:colcon.colcon_core.environment:checking '/home/sushanth/vlm_ws/install/vlm_navigation/bin'
[1.027s] Level 1:colcon.colcon_core.environment:create_environment_scripts_only(vlm_navigation)
[1.027s] INFO:colcon.colcon_core.shell:Creating package script '/home/sushanth/vlm_ws/install/vlm_navigation/share/vlm_navigation/package.ps1'
[1.027s] INFO:colcon.colcon_core.shell:Creating package descriptor '/home/sushanth/vlm_ws/install/vlm_navigation/share/vlm_navigation/package.dsv'
[1.028s] INFO:colcon.colcon_core.shell:Creating package script '/home/sushanth/vlm_ws/install/vlm_navigation/share/vlm_navigation/package.sh'
[1.028s] INFO:colcon.colcon_core.shell:Creating package script '/home/sushanth/vlm_ws/install/vlm_navigation/share/vlm_navigation/package.bash'
[1.028s] INFO:colcon.colcon_core.shell:Creating package script '/home/sushanth/vlm_ws/install/vlm_navigation/share/vlm_navigation/package.zsh'
[1.029s] Level 1:colcon.colcon_core.environment:create_file_with_runtime_dependencies(/home/sushanth/vlm_ws/install/vlm_navigation/share/colcon-core/packages/vlm_navigation)
[1.029s] DEBUG:colcon.colcon_parallel_executor.executor.parallel:closing loop
[1.029s] DEBUG:colcon.colcon_parallel_executor.executor.parallel:loop closed
[1.029s] DEBUG:colcon.colcon_parallel_executor.executor.parallel:run_until_complete finished with '0'
[1.029s] DEBUG:colcon.colcon_core.event_reactor:joining thread
[1.033s] INFO:colcon.colcon_core.plugin_system:Skipping extension 'colcon_notification.desktop_notification.terminal_notifier': Not used on non-Darwin systems
[1.033s] INFO:colcon.colcon_core.plugin_system:Skipping extension 'colcon_notification.desktop_notification.win32': Not used on non-Windows systems
[1.033s] INFO:colcon.colcon_notification.desktop_notification:Sending desktop notification using 'notify2'
[1.042s] DEBUG:colcon.colcon_core.event_reactor:joined thread
[1.042s] INFO:colcon.colcon_core.shell:Creating prefix script '/home/sushanth/vlm_ws/install/local_setup.ps1'
[1.043s] INFO:colcon.colcon_core.shell:Creating prefix util module '/home/sushanth/vlm_ws/install/_local_setup_util_ps1.py'
[1.044s] INFO:colcon.colcon_core.shell:Creating prefix chain script '/home/sushanth/vlm_ws/install/setup.ps1'
[1.045s] INFO:colcon.colcon_core.shell:Creating prefix script '/home/sushanth/vlm_ws/install/local_setup.sh'
[1.045s] INFO:colcon.colcon_core.shell:Creating prefix util module '/home/sushanth/vlm_ws/install/_local_setup_util_sh.py'
[1.045s] INFO:colcon.colcon_core.shell:Creating prefix chain script '/home/sushanth/vlm_ws/install/setup.sh'
[1.046s] INFO:colcon.colcon_core.shell:Creating prefix script '/home/sushanth/vlm_ws/install/local_setup.bash'
[1.046s] INFO:colcon.colcon_core.shell:Creating prefix chain script '/home/sushanth/vlm_ws/install/setup.bash'
[1.047s] INFO:colcon.colcon_core.shell:Creating prefix script '/home/sushanth/vlm_ws/install/local_setup.zsh'
[1.047s] INFO:colcon.colcon_core.shell:Creating prefix chain script '/home/sushanth/vlm_ws/install/setup.zsh'
