[0.009s] Invoking command in '/home/sushanth/vlm_ws/build/vlm_description': CMAKE_PREFIX_PATH=/opt/ros/humble /usr/bin/cmake /home/sushanth/vlm_ws/src/vlm_description -DCMAKE_INSTALL_PREFIX=/home/sushanth/vlm_ws/install/vlm_description
[0.211s] -- The C compiler identification is GNU 11.4.0
[0.211s] -- The CXX compiler identification is GNU 11.4.0
[0.211s] -- Detecting C compiler ABI info
[0.211s] -- Detecting C compiler ABI info - done
[0.211s] -- Check for working C compiler: /usr/bin/cc - skipped
[0.211s] -- Detecting C compile features
[0.211s] -- Detecting C compile features - done
[0.211s] -- Detecting CXX compiler ABI info
[0.228s] -- Detecting CXX compiler ABI info - done
[0.238s] -- Check for working CXX compiler: /usr/bin/c++ - skipped
[0.238s] -- Detecting CXX compile features
[0.239s] -- Detecting CXX compile features - done
[0.245s] -- Found ament_cmake: 1.3.14 (/opt/ros/humble/share/ament_cmake/cmake)
[0.359s] -- Found Python3: /usr/bin/python3 (found version "3.10.12") found components: Interpreter 
[0.443s] -- Found ament_lint_auto: 0.12.15 (/opt/ros/humble/share/ament_lint_auto/cmake)
[0.514s] -- Added test 'copyright' to check source files copyright and LICENSE
[0.516s] -- Added test 'flake8' to check Python code syntax and style conventions
[0.517s] -- Added test 'lint_cmake' to check CMake code style
[0.518s] -- Added test 'pep257' to check Python code against some of the docstring style conventions in PEP 257
[0.519s] -- Added test 'xmllint' to check XML markup files
[0.521s] -- Configuring done
[0.523s] -- Generating done
[0.525s] -- Build files have been written to: /home/sushanth/vlm_ws/build/vlm_description
[0.530s] Invoked command in '/home/sushanth/vlm_ws/build/vlm_description' returned '0': CMAKE_PREFIX_PATH=/opt/ros/humble /usr/bin/cmake /home/sushanth/vlm_ws/src/vlm_description -DCMAKE_INSTALL_PREFIX=/home/sushanth/vlm_ws/install/vlm_description
[0.531s] Invoking command in '/home/sushanth/vlm_ws/build/vlm_description': CMAKE_PREFIX_PATH=/opt/ros/humble /usr/bin/cmake --build /home/sushanth/vlm_ws/build/vlm_description -- -j8 -l8
[0.567s] Invoked command in '/home/sushanth/vlm_ws/build/vlm_description' returned '0': CMAKE_PREFIX_PATH=/opt/ros/humble /usr/bin/cmake --build /home/sushanth/vlm_ws/build/vlm_description -- -j8 -l8
[0.575s] Invoking command in '/home/sushanth/vlm_ws/build/vlm_description': CMAKE_PREFIX_PATH=/opt/ros/humble /usr/bin/cmake --install /home/sushanth/vlm_ws/build/vlm_description
[0.580s] -- Install configuration: ""
[0.580s] -- Installing: /home/sushanth/vlm_ws/install/vlm_description/share/vlm_description/launch
[0.580s] -- Installing: /home/sushanth/vlm_ws/install/vlm_description/share/vlm_description/launch/gazebo.launch.py
[0.580s] -- Installing: /home/sushanth/vlm_ws/install/vlm_description/share/vlm_description/urdf
[0.580s] -- Installing: /home/sushanth/vlm_ws/install/vlm_description/share/vlm_description/urdf/robot.urdf.xacro
[0.581s] -- Installing: /home/sushanth/vlm_ws/install/vlm_description/share/vlm_description/urdf/robot.gazebo.xacro
[0.581s] -- Installing: /home/sushanth/vlm_ws/install/vlm_description/share/vlm_description/worlds
[0.581s] -- Installing: /home/sushanth/vlm_ws/install/vlm_description/share/vlm_description/worlds/world.sdf
[0.581s] -- Installing: /home/sushanth/vlm_ws/install/vlm_description/share/vlm_description/config
[0.581s] -- Installing: /home/sushanth/vlm_ws/install/vlm_description/share/vlm_description/config/bridge.yaml
[0.581s] -- Installing: /home/sushanth/vlm_ws/install/vlm_description/share/vlm_description/rviz
[0.581s] -- Installing: /home/sushanth/vlm_ws/install/vlm_description/share/vlm_description/rviz/robot.rviz
[0.581s] -- Installing: /home/sushanth/vlm_ws/install/vlm_description/share/vlm_description/meshes
[0.581s] -- Installing: /home/sushanth/vlm_ws/install/vlm_description/share/vlm_description/meshes/.gitkeep
[0.581s] -- Installing: /home/sushanth/vlm_ws/install/vlm_description/share/ament_index/resource_index/package_run_dependencies/vlm_description
[0.581s] -- Installing: /home/sushanth/vlm_ws/install/vlm_description/share/ament_index/resource_index/parent_prefix_path/vlm_description
[0.581s] -- Installing: /home/sushanth/vlm_ws/install/vlm_description/share/vlm_description/environment/ament_prefix_path.sh
[0.581s] -- Installing: /home/sushanth/vlm_ws/install/vlm_description/share/vlm_description/environment/ament_prefix_path.dsv
[0.581s] -- Installing: /home/sushanth/vlm_ws/install/vlm_description/share/vlm_description/environment/path.sh
[0.581s] -- Installing: /home/sushanth/vlm_ws/install/vlm_description/share/vlm_description/environment/path.dsv
[0.581s] -- Installing: /home/sushanth/vlm_ws/install/vlm_description/share/vlm_description/local_setup.bash
[0.581s] -- Installing: /home/sushanth/vlm_ws/install/vlm_description/share/vlm_description/local_setup.sh
[0.581s] -- Installing: /home/sushanth/vlm_ws/install/vlm_description/share/vlm_description/local_setup.zsh
[0.582s] -- Installing: /home/sushanth/vlm_ws/install/vlm_description/share/vlm_description/local_setup.dsv
[0.582s] -- Installing: /home/sushanth/vlm_ws/install/vlm_description/share/vlm_description/package.dsv
[0.582s] -- Installing: /home/sushanth/vlm_ws/install/vlm_description/share/ament_index/resource_index/packages/vlm_description
[0.582s] -- Installing: /home/sushanth/vlm_ws/install/vlm_description/share/vlm_description/cmake/vlm_descriptionConfig.cmake
[0.582s] -- Installing: /home/sushanth/vlm_ws/install/vlm_description/share/vlm_description/cmake/vlm_descriptionConfig-version.cmake
[0.582s] -- Installing: /home/sushanth/vlm_ws/install/vlm_description/share/vlm_description/package.xml
[0.583s] Invoked command in '/home/sushanth/vlm_ws/build/vlm_description' returned '0': CMAKE_PREFIX_PATH=/opt/ros/humble /usr/bin/cmake --install /home/sushanth/vlm_ws/build/vlm_description
