/home/sushanth/vlm_ws/install/vlm_navigation/lib/python3.10/site-packages/vlm_navigation/object_goal_nav.py
/home/sushanth/vlm_ws/install/vlm_navigation/lib/python3.10/site-packages/vlm_navigation/vlm_detector.py
/home/sushanth/vlm_ws/install/vlm_navigation/lib/python3.10/site-packages/vlm_navigation/__init__.py
/home/sushanth/vlm_ws/install/vlm_navigation/lib/python3.10/site-packages/vlm_navigation/__pycache__/object_goal_nav.cpython-310.pyc
/home/sushanth/vlm_ws/install/vlm_navigation/lib/python3.10/site-packages/vlm_navigation/__pycache__/vlm_detector.cpython-310.pyc
/home/sushanth/vlm_ws/install/vlm_navigation/lib/python3.10/site-packages/vlm_navigation/__pycache__/__init__.cpython-310.pyc
/home/sushanth/vlm_ws/install/vlm_navigation/share/ament_index/resource_index/packages/vlm_navigation
/home/sushanth/vlm_ws/install/vlm_navigation/share/vlm_navigation/package.xml
/home/sushanth/vlm_ws/install/vlm_navigation/share/vlm_navigation/launch/nav2.launch.py
/home/sushanth/vlm_ws/install/vlm_navigation/share/vlm_navigation/launch/slam.launch.py
/home/sushanth/vlm_ws/install/vlm_navigation/share/vlm_navigation/launch/bringup.launch.py
/home/sushanth/vlm_ws/install/vlm_navigation/share/vlm_navigation/config/nav2_params.yaml
/home/sushanth/vlm_ws/install/vlm_navigation/share/vlm_navigation/config/slam_toolbox.yaml
/home/sushanth/vlm_ws/install/vlm_navigation/share/vlm_navigation/maps/map.yaml
/home/sushanth/vlm_ws/install/vlm_navigation/share/vlm_navigation/maps/map.pgm
/home/sushanth/vlm_ws/install/vlm_navigation/lib/python3.10/site-packages/vlm_navigation-0.1.0-py3.10.egg-info/entry_points.txt
/home/sushanth/vlm_ws/install/vlm_navigation/lib/python3.10/site-packages/vlm_navigation-0.1.0-py3.10.egg-info/SOURCES.txt
/home/sushanth/vlm_ws/install/vlm_navigation/lib/python3.10/site-packages/vlm_navigation-0.1.0-py3.10.egg-info/PKG-INFO
/home/sushanth/vlm_ws/install/vlm_navigation/lib/python3.10/site-packages/vlm_navigation-0.1.0-py3.10.egg-info/zip-safe
/home/sushanth/vlm_ws/install/vlm_navigation/lib/python3.10/site-packages/vlm_navigation-0.1.0-py3.10.egg-info/dependency_links.txt
/home/sushanth/vlm_ws/install/vlm_navigation/lib/python3.10/site-packages/vlm_navigation-0.1.0-py3.10.egg-info/top_level.txt
/home/sushanth/vlm_ws/install/vlm_navigation/lib/python3.10/site-packages/vlm_navigation-0.1.0-py3.10.egg-info/requires.txt
/home/sushanth/vlm_ws/install/vlm_navigation/lib/vlm_navigation/object_goal_nav
