-- Install configuration: ""
-- Up-to-date: /home/sushanth/vlm_ws/install/vlm_description/share/vlm_description/launch
-- Up-to-date: /home/sushanth/vlm_ws/install/vlm_description/share/vlm_description/launch/gazebo.launch.py
-- Up-to-date: /home/sushanth/vlm_ws/install/vlm_description/share/vlm_description/urdf
-- Up-to-date: /home/sushanth/vlm_ws/install/vlm_description/share/vlm_description/urdf/robot.urdf.xacro
-- Up-to-date: /home/sushanth/vlm_ws/install/vlm_description/share/vlm_description/urdf/robot.gazebo.xacro
-- Up-to-date: /home/sushanth/vlm_ws/install/vlm_description/share/vlm_description/worlds
-- Installing: /home/sushanth/vlm_ws/install/vlm_description/share/vlm_description/worlds/world.sdf
-- Up-to-date: /home/sushanth/vlm_ws/install/vlm_description/share/vlm_description/config
-- Up-to-date: /home/sushanth/vlm_ws/install/vlm_description/share/vlm_description/config/bridge.yaml
-- Up-to-date: /home/sushanth/vlm_ws/install/vlm_description/share/vlm_description/rviz
-- Up-to-date: /home/sushanth/vlm_ws/install/vlm_description/share/vlm_description/rviz/robot.rviz
-- Up-to-date: /home/sushanth/vlm_ws/install/vlm_description/share/vlm_description/meshes
-- Up-to-date: /home/sushanth/vlm_ws/install/vlm_description/share/vlm_description/meshes/.gitkeep
-- Up-to-date: /home/sushanth/vlm_ws/install/vlm_description/share/ament_index/resource_index/package_run_dependencies/vlm_description
-- Up-to-date: /home/sushanth/vlm_ws/install/vlm_description/share/ament_index/resource_index/parent_prefix_path/vlm_description
-- Up-to-date: /home/sushanth/vlm_ws/install/vlm_description/share/vlm_description/environment/ament_prefix_path.sh
-- Up-to-date: /home/sushanth/vlm_ws/install/vlm_description/share/vlm_description/environment/ament_prefix_path.dsv
-- Up-to-date: /home/sushanth/vlm_ws/install/vlm_description/share/vlm_description/environment/path.sh
-- Up-to-date: /home/sushanth/vlm_ws/install/vlm_description/share/vlm_description/environment/path.dsv
-- Up-to-date: /home/sushanth/vlm_ws/install/vlm_description/share/vlm_description/local_setup.bash
-- Up-to-date: /home/sushanth/vlm_ws/install/vlm_description/share/vlm_description/local_setup.sh
-- Up-to-date: /home/sushanth/vlm_ws/install/vlm_description/share/vlm_description/local_setup.zsh
-- Up-to-date: /home/sushanth/vlm_ws/install/vlm_description/share/vlm_description/local_setup.dsv
-- Up-to-date: /home/sushanth/vlm_ws/install/vlm_description/share/vlm_description/package.dsv
-- Up-to-date: /home/sushanth/vlm_ws/install/vlm_description/share/ament_index/resource_index/packages/vlm_description
-- Up-to-date: /home/sushanth/vlm_ws/install/vlm_description/share/vlm_description/cmake/vlm_descriptionConfig.cmake
-- Up-to-date: /home/sushanth/vlm_ws/install/vlm_description/share/vlm_description/cmake/vlm_descriptionConfig-version.cmake
-- Up-to-date: /home/sushanth/vlm_ws/install/vlm_description/share/vlm_description/package.xml
